INFO @ 2023-12-10 14:24:34 # Closing connection (200): Normal shutdown
INFO @ 2023-12-10 14:24:34 # Closing channel (200): 'Normal shutdown' on <Channel number=1 OPEN conn=<SelectConnection OPEN transport=<pika.adapters.utils.io_services_utils._AsyncPlaintextTransport object at 0x000002288A4CC910> params=<ConnectionParameters host=localhost port=5672 virtual_host=/ ssl=False>>>
INFO @ 2023-12-10 14:24:34 # Received <Channel.CloseOk> on <Channel number=1 CLOSING conn=<SelectConnection OPEN transport=<pika.adapters.utils.io_services_utils._AsyncPlaintextTransport object at 0x000002288A4CC910> params=<ConnectionParameters host=localhost port=5672 virtual_host=/ ssl=False>>>
INFO @ 2023-12-10 14:24:34 # Closing connection (200): 'Normal shutdown'
INFO @ 2023-12-10 14:24:34 # Aborting transport connection: state=1; <socket.socket fd=1316, family=23, type=1, proto=6, laddr=('::1', 55501, 0, 0), raddr=('::1', 5672, 0, 0)>
INFO @ 2023-12-10 14:24:34 # _AsyncTransportBase._initate_abort(): Initiating abrupt asynchronous transport shutdown: state=1; error=None; <socket.socket fd=1316, family=23, type=1, proto=6, laddr=('::1', 55501, 0, 0), raddr=('::1', 5672, 0, 0)>
INFO @ 2023-12-10 14:24:34 # Deactivating transport: state=1; <socket.socket fd=1316, family=23, type=1, proto=6, laddr=('::1', 55501, 0, 0), raddr=('::1', 5672, 0, 0)>
INFO @ 2023-12-10 14:24:34 # AMQP stack terminated, failed to connect, or aborted: opened=True, error-arg=None; pending-error=ConnectionClosedByClient: (200) 'Normal shutdown'
INFO @ 2023-12-10 14:24:34 # Stack terminated due to ConnectionClosedByClient: (200) 'Normal shutdown'
INFO @ 2023-12-10 14:24:34 # Closing transport socket and unlinking: state=3; <socket.socket fd=1316, family=23, type=1, proto=6, laddr=('::1', 55501, 0, 0), raddr=('::1', 5672, 0, 0)>
INFO @ 2023-12-10 14:24:34 # User-initiated close: result=BlockingConnection__OnClosedArgs(connection=<SelectConnection CLOSED transport=None params=<ConnectionParameters host=localhost port=5672 virtual_host=/ ssl=False>>, error=ConnectionClosedByClient: (200) 'Normal shutdown')
Level 21 @ 2023-12-10 14:31:06.510 # 1000
Level 21 @ 2023-12-10 14:31:06.561 # 1000
Level 22 @ 2023-12-10 14:31:06.580 # 1000
Level 21 @ 2023-12-10 14:31:06.597 # 1000
Level 22 @ 2023-12-10 14:31:06.605 # 1000
Level 21 @ 2023-12-10 14:31:06.618 # 1000
Level 22 @ 2023-12-10 14:31:06.628 # 1000
Level 22 @ 2023-12-10 14:31:06.657 # 1000
Level 21 @ 2023-12-10 14:31:06.667 # 1000
Level 21 @ 2023-12-10 14:31:06.704 # 1000
Level 22 @ 2023-12-10 14:31:06.706 # 1000
Level 22 @ 2023-12-10 14:31:06.735 # 1000
Level 21 @ 2023-12-10 14:31:06.744 # 1000
Level 22 @ 2023-12-10 14:31:06.798 # 1000
Level 21 @ 2023-12-10 14:31:06.810 # 1000
Level 22 @ 2023-12-10 14:31:06.849 # 1000
Level 21 @ 2023-12-10 14:31:06.856 # 1000
Level 22 @ 2023-12-10 14:31:06.892 # 1000
Level 21 @ 2023-12-10 14:31:06.962 # 1000
Level 22 @ 2023-12-10 14:31:07.001 # 1000
Level 21 @ 2023-12-10 14:31:07.015 # 1000
Level 21 @ 2023-12-10 14:31:07.059 # 1000
Level 22 @ 2023-12-10 14:31:07.060 # 1000
Level 22 @ 2023-12-10 14:31:07.104 # 1000
Level 21 @ 2023-12-10 14:31:07.116 # 1000
Level 21 @ 2023-12-10 14:31:07.154 # 1000
Level 22 @ 2023-12-10 14:31:07.155 # 1000
Level 21 @ 2023-12-10 14:31:07.190 # 1000
Level 22 @ 2023-12-10 14:31:07.191 # 1000
Level 21 @ 2023-12-10 14:31:07.223 # 1000
Level 22 @ 2023-12-10 14:31:07.224 # 1000
Level 21 @ 2023-12-10 14:31:07.257 # 1000
Level 22 @ 2023-12-10 14:31:07.258 # 1000
Level 21 @ 2023-12-10 14:31:07.291 # 1000
Level 22 @ 2023-12-10 14:31:07.292 # 1000
Level 21 @ 2023-12-10 14:31:07.325 # 1000
Level 22 @ 2023-12-10 14:31:07.326 # 1000
Level 22 @ 2023-12-10 14:31:07.364 # 1000
Level 21 @ 2023-12-10 14:31:07.364 # 1000
Level 21 @ 2023-12-10 14:31:07.394 # 1000
Level 22 @ 2023-12-10 14:31:07.397 # 1000
Level 22 @ 2023-12-10 14:31:07.428 # 1000
Level 21 @ 2023-12-10 14:31:07.435 # 1000
Level 21 @ 2023-12-10 14:31:07.488 # 1000
Level 22 @ 2023-12-10 14:31:07.490 # 1000
Level 21 @ 2023-12-10 14:31:07.523 # 1000
Level 22 @ 2023-12-10 14:31:07.526 # 1000
Level 21 @ 2023-12-10 14:31:07.566 # 1000
Level 22 @ 2023-12-10 14:31:07.567 # 1000
Level 21 @ 2023-12-10 14:31:07.607 # 1000
Level 22 @ 2023-12-10 14:31:07.608 # 1000
Level 22 @ 2023-12-10 14:31:07.644 # 1000
Level 21 @ 2023-12-10 14:31:07.653 # 1000
Level 21 @ 2023-12-10 14:31:07.690 # 1000
Level 22 @ 2023-12-10 14:31:07.691 # 1000
Level 21 @ 2023-12-10 14:31:07.726 # 1000
Level 22 @ 2023-12-10 14:31:07.727 # 1000
Level 21 @ 2023-12-10 14:31:07.757 # 1000
Level 22 @ 2023-12-10 14:31:07.758 # 1000
Level 21 @ 2023-12-10 14:31:07.787 # 1000
Level 22 @ 2023-12-10 14:31:07.789 # 1000
Level 21 @ 2023-12-10 14:31:07.819 # 1000
Level 22 @ 2023-12-10 14:31:07.822 # 1000
Level 22 @ 2023-12-10 14:31:07.843 # 1000
Level 21 @ 2023-12-10 14:31:07.851 # 1000
Level 21 @ 2023-12-10 14:31:07.875 # 1000
Level 22 @ 2023-12-10 14:31:07.878 # 1000
Level 21 @ 2023-12-10 14:31:07.906 # 1000
Level 22 @ 2023-12-10 14:31:07.908 # 1000
Level 21 @ 2023-12-10 14:31:07.940 # 1000
Level 22 @ 2023-12-10 14:31:07.940 # 1000
Level 21 @ 2023-12-10 14:31:07.970 # 1000
Level 22 @ 2023-12-10 14:31:07.971 # 1000
Level 22 @ 2023-12-10 14:31:08.001 # 1000
Level 21 @ 2023-12-10 14:31:08.001 # 1000
Level 21 @ 2023-12-10 14:31:08.035 # 1000
Level 22 @ 2023-12-10 14:31:08.036 # 1000
Level 21 @ 2023-12-10 14:31:08.066 # 1000
Level 22 @ 2023-12-10 14:31:08.066 # 1000
Level 21 @ 2023-12-10 14:31:08.103 # 1000
Level 22 @ 2023-12-10 14:31:08.103 # 1000
Level 22 @ 2023-12-10 14:31:08.126 # 1000
Level 21 @ 2023-12-10 14:31:08.143 # 1000
Level 21 @ 2023-12-10 14:31:08.173 # 1000
Level 22 @ 2023-12-10 14:31:08.174 # 1000
Level 22 @ 2023-12-10 14:31:08.203 # 1000
Level 21 @ 2023-12-10 14:31:08.208 # 1000
Level 22 @ 2023-12-10 14:31:08.232 # 1000
Level 21 @ 2023-12-10 14:31:08.240 # 1000
Level 21 @ 2023-12-10 14:31:08.272 # 1000
Level 22 @ 2023-12-10 14:31:08.273 # 1000
Level 21 @ 2023-12-10 14:31:08.304 # 1000
Level 22 @ 2023-12-10 14:31:08.304 # 1000
Level 22 @ 2023-12-10 14:31:08.331 # 1000
Level 21 @ 2023-12-10 14:31:08.336 # 1000
Level 21 @ 2023-12-10 14:31:08.365 # 1000
Level 22 @ 2023-12-10 14:31:08.366 # 1000
Level 21 @ 2023-12-10 14:31:08.398 # 1000
Level 22 @ 2023-12-10 14:31:08.399 # 1000
Level 21 @ 2023-12-10 14:31:08.439 # 1000
Level 22 @ 2023-12-10 14:31:08.440 # 1000
Level 21 @ 2023-12-10 14:31:08.473 # 1000
Level 22 @ 2023-12-10 14:31:08.473 # 1000
Level 21 @ 2023-12-10 14:31:08.504 # 1000
Level 22 @ 2023-12-10 14:31:08.506 # 1000
Level 21 @ 2023-12-10 14:31:08.532 # 1000
Level 22 @ 2023-12-10 14:31:08.533 # 1000
Level 21 @ 2023-12-10 14:31:08.552 # 1000
Level 22 @ 2023-12-10 14:31:08.558 # 1000
Level 21 @ 2023-12-10 14:31:08.578 # 1000
Level 22 @ 2023-12-10 14:31:08.584 # 1000
Level 21 @ 2023-12-10 14:31:08.615 # 1000
Level 22 @ 2023-12-10 14:31:08.615 # 1000
Level 21 @ 2023-12-10 14:31:08.643 # 1000
Level 22 @ 2023-12-10 14:31:08.644 # 1000
Level 22 @ 2023-12-10 14:31:08.666 # 1000
Level 21 @ 2023-12-10 14:31:08.670 # 1000
Level 22 @ 2023-12-10 14:31:08.694 # 1000
Level 21 @ 2023-12-10 14:31:08.704 # 1000
Level 21 @ 2023-12-10 14:31:08.731 # 1000
Level 22 @ 2023-12-10 14:31:08.733 # 1000
Level 21 @ 2023-12-10 14:31:08.760 # 1000
Level 22 @ 2023-12-10 14:31:08.765 # 1000
Level 21 @ 2023-12-10 14:31:08.794 # 1000
Level 22 @ 2023-12-10 14:31:08.796 # 1000
Level 21 @ 2023-12-10 14:31:08.825 # 1000
Level 22 @ 2023-12-10 14:31:08.826 # 1000
Level 21 @ 2023-12-10 14:31:08.863 # 1000
Level 22 @ 2023-12-10 14:31:08.863 # 1000
Level 21 @ 2023-12-10 14:31:08.899 # 1000
Level 22 @ 2023-12-10 14:31:08.900 # 1000
Level 22 @ 2023-12-10 14:31:08.934 # 1000
Level 21 @ 2023-12-10 14:31:08.934 # 1000
Level 21 @ 2023-12-10 14:31:08.973 # 1000
Level 22 @ 2023-12-10 14:31:08.975 # 1000
Level 21 @ 2023-12-10 14:31:09.008 # 1000
Level 22 @ 2023-12-10 14:31:09.017 # 1000
Level 21 @ 2023-12-10 14:31:09.040 # 1000
Level 22 @ 2023-12-10 14:31:09.051 # 1000
Level 21 @ 2023-12-10 14:31:09.071 # 1000
Level 21 @ 2023-12-10 14:31:09.085 # 1000
Level 22 @ 2023-12-10 14:31:09.085 # 1000
Level 21 @ 2023-12-10 14:31:09.108 # 1000
Level 22 @ 2023-12-10 14:31:09.111 # 1000
Level 22 @ 2023-12-10 14:31:09.150 # 1000
Level 21 @ 2023-12-10 14:31:09.169 # 1000
Level 21 @ 2023-12-10 14:31:09.175 # 1000
Level 22 @ 2023-12-10 14:31:09.177 # 1000
Level 21 @ 2023-12-10 14:31:09.208 # 1000
Level 22 @ 2023-12-10 14:31:09.216 # 1000
Level 21 @ 2023-12-10 14:31:09.240 # 1000
Level 22 @ 2023-12-10 14:31:09.247 # 1000
Level 21 @ 2023-12-10 14:31:09.276 # 1000
Level 22 @ 2023-12-10 14:31:09.281 # 1000
Level 21 @ 2023-12-10 14:31:09.320 # 1000
Level 22 @ 2023-12-10 14:31:09.321 # 1000
Level 21 @ 2023-12-10 14:31:09.345 # 1000
Level 22 @ 2023-12-10 14:31:09.346 # 1000
Level 21 @ 2023-12-10 14:31:09.372 # 1000
Level 22 @ 2023-12-10 14:31:09.375 # 1000
Level 21 @ 2023-12-10 14:31:09.403 # 1000
Level 22 @ 2023-12-10 14:31:09.410 # 1000
Level 21 @ 2023-12-10 14:31:09.428 # 1000
Level 22 @ 2023-12-10 14:31:09.437 # 1000
Level 21 @ 2023-12-10 14:31:09.456 # 1000
Level 22 @ 2023-12-10 14:31:09.462 # 1000
Level 21 @ 2023-12-10 14:31:09.483 # 1000
Level 22 @ 2023-12-10 14:31:09.490 # 1000
Level 21 @ 2023-12-10 14:31:09.511 # 1000
Level 22 @ 2023-12-10 14:31:09.522 # 1000
Level 21 @ 2023-12-10 14:31:09.540 # 1000
Level 22 @ 2023-12-10 14:31:09.554 # 1000
Level 21 @ 2023-12-10 14:31:09.576 # 1000
Level 21 @ 2023-12-10 14:31:09.582 # 1000
Level 22 @ 2023-12-10 14:31:09.584 # 1000
Level 21 @ 2023-12-10 14:31:09.607 # 1000
Level 22 @ 2023-12-10 14:31:09.610 # 1000
Level 21 @ 2023-12-10 14:31:09.631 # 1000
Level 22 @ 2023-12-10 14:31:09.644 # 1000
Level 21 @ 2023-12-10 14:31:09.670 # 1000
Level 22 @ 2023-12-10 14:31:09.676 # 1000
Level 22 @ 2023-12-10 14:31:09.726 # 1000
Level 21 @ 2023-12-10 14:31:09.726 # 1000
Level 22 @ 2023-12-10 14:31:09.760 # 1000
Level 21 @ 2023-12-10 14:31:09.767 # 1000
Level 21 @ 2023-12-10 14:31:09.787 # 1000
Level 22 @ 2023-12-10 14:31:09.800 # 1000
Level 21 @ 2023-12-10 14:31:09.840 # 1000
Level 22 @ 2023-12-10 14:31:09.841 # 1000
Level 21 @ 2023-12-10 14:31:09.874 # 1000
Level 22 @ 2023-12-10 14:31:09.875 # 1000
Level 21 @ 2023-12-10 14:31:09.899 # 1000
Level 22 @ 2023-12-10 14:31:09.900 # 1000
Level 21 @ 2023-12-10 14:31:09.921 # 1000
Level 22 @ 2023-12-10 14:31:09.926 # 1000
Level 21 @ 2023-12-10 14:31:09.945 # 1000
Level 22 @ 2023-12-10 14:31:09.954 # 1000
Level 21 @ 2023-12-10 14:31:09.964 # 1000
Level 21 @ 2023-12-10 14:31:09.985 # 1000
Level 22 @ 2023-12-10 14:31:09.986 # 1000
Level 21 @ 2023-12-10 14:31:10.004 # 1000
Level 21 @ 2023-12-10 14:31:10.015 # 1000
Level 22 @ 2023-12-10 14:31:10.015 # 1000
Level 21 @ 2023-12-10 14:31:10.034 # 1000
Level 22 @ 2023-12-10 14:31:10.040 # 1000
Level 21 @ 2023-12-10 14:31:10.056 # 1000
Level 22 @ 2023-12-10 14:31:10.063 # 1000
Level 21 @ 2023-12-10 14:31:10.079 # 1000
Level 22 @ 2023-12-10 14:31:10.088 # 1000
Level 21 @ 2023-12-10 14:31:10.103 # 1000
Level 21 @ 2023-12-10 14:31:10.117 # 1000
Level 22 @ 2023-12-10 14:31:10.118 # 1000
Level 21 @ 2023-12-10 14:31:10.150 # 1000
Level 22 @ 2023-12-10 14:31:10.150 # 1000
Level 21 @ 2023-12-10 14:31:10.174 # 1000
Level 22 @ 2023-12-10 14:31:10.175 # 1000
Level 21 @ 2023-12-10 14:31:10.201 # 1000
Level 22 @ 2023-12-10 14:31:10.203 # 1000
Level 21 @ 2023-12-10 14:31:10.228 # 1000
Level 22 @ 2023-12-10 14:31:10.229 # 1000
Level 22 @ 2023-12-10 14:31:10.271 # 1000
Level 21 @ 2023-12-10 14:31:10.289 # 1000
Level 21 @ 2023-12-10 14:31:10.303 # 1000
Level 22 @ 2023-12-10 14:31:10.306 # 1000
Level 21 @ 2023-12-10 14:31:10.343 # 1000
Level 22 @ 2023-12-10 14:31:10.344 # 1000
Level 21 @ 2023-12-10 14:31:10.352 # 1000
Level 21 @ 2023-12-10 14:31:10.385 # 1000
Level 22 @ 2023-12-10 14:31:10.386 # 1000
Level 21 @ 2023-12-10 14:31:10.420 # 1000
Level 22 @ 2023-12-10 14:31:10.421 # 1000
Level 21 @ 2023-12-10 14:31:10.447 # 1000
Level 22 @ 2023-12-10 14:31:10.449 # 1000
Level 21 @ 2023-12-10 14:31:10.481 # 1000
Level 22 @ 2023-12-10 14:31:10.482 # 1000
Level 21 @ 2023-12-10 14:31:10.511 # 1000
Level 22 @ 2023-12-10 14:31:10.512 # 1000
Level 21 @ 2023-12-10 14:31:10.538 # 1000
Level 22 @ 2023-12-10 14:31:10.540 # 1000
Level 21 @ 2023-12-10 14:31:10.560 # 1000
Level 22 @ 2023-12-10 14:31:10.564 # 1000
Level 22 @ 2023-12-10 14:31:10.589 # 1000
Level 21 @ 2023-12-10 14:31:10.603 # 1000
Level 22 @ 2023-12-10 14:31:10.609 # 1000
Level 21 @ 2023-12-10 14:31:10.633 # 1000
Level 22 @ 2023-12-10 14:31:10.635 # 1000
Level 21 @ 2023-12-10 14:31:10.657 # 1000
Level 22 @ 2023-12-10 14:31:10.660 # 1000
Level 21 @ 2023-12-10 14:31:10.679 # 1000
Level 22 @ 2023-12-10 14:31:10.683 # 1000
Level 21 @ 2023-12-10 14:31:10.706 # 1000
Level 22 @ 2023-12-10 14:31:10.710 # 1000
Level 21 @ 2023-12-10 14:31:10.728 # 1000
Level 22 @ 2023-12-10 14:31:10.735 # 1000
Level 21 @ 2023-12-10 14:31:10.754 # 1000
Level 22 @ 2023-12-10 14:31:10.759 # 1000
Level 21 @ 2023-12-10 14:31:10.782 # 1000
Level 21 @ 2023-12-10 14:31:10.790 # 1000
Level 22 @ 2023-12-10 14:31:10.791 # 1000
Level 21 @ 2023-12-10 14:31:10.816 # 1000
Level 22 @ 2023-12-10 14:31:10.820 # 1000
Level 21 @ 2023-12-10 14:31:10.841 # 1000
Level 22 @ 2023-12-10 14:31:10.844 # 1000
Level 21 @ 2023-12-10 14:31:10.879 # 1000
Level 22 @ 2023-12-10 14:31:10.879 # 1000
Level 21 @ 2023-12-10 14:31:10.910 # 1000
Level 22 @ 2023-12-10 14:31:10.910 # 1000
Level 21 @ 2023-12-10 14:31:10.941 # 1000
Level 22 @ 2023-12-10 14:31:10.942 # 1000
Level 21 @ 2023-12-10 14:31:10.963 # 1000
Level 22 @ 2023-12-10 14:31:10.967 # 1000
Level 21 @ 2023-12-10 14:31:11.008 # 1000
Level 22 @ 2023-12-10 14:31:11.011 # 1000
Level 21 @ 2023-12-10 14:31:11.046 # 1000
Level 22 @ 2023-12-10 14:31:11.047 # 1000
Level 22 @ 2023-12-10 14:31:11.076 # 1000
Level 21 @ 2023-12-10 14:31:11.079 # 1000
Level 22 @ 2023-12-10 14:31:11.111 # 1000
Level 22 @ 2023-12-10 14:31:11.168 # 1000
Level 22 @ 2023-12-10 14:31:11.216 # 1000
Level 21 @ 2023-12-10 14:31:11.242 # 1000
Level 22 @ 2023-12-10 14:31:11.273 # 1000
Level 22 @ 2023-12-10 14:31:11.381 # 1000
Level 21 @ 2023-12-10 14:31:11.390 # 1000
Level 22 @ 2023-12-10 14:31:11.429 # 1000
Level 21 @ 2023-12-10 14:31:11.454 # 1000
Level 22 @ 2023-12-10 14:31:11.464 # 1000
Level 22 @ 2023-12-10 14:31:11.506 # 1000
Level 21 @ 2023-12-10 14:31:11.553 # 1000
Level 22 @ 2023-12-10 14:31:11.554 # 1000
Level 22 @ 2023-12-10 14:31:11.620 # 1000
Level 21 @ 2023-12-10 14:31:11.655 # 1000
Level 22 @ 2023-12-10 14:31:11.691 # 1000
Level 21 @ 2023-12-10 14:31:11.777 # 1000
Level 22 @ 2023-12-10 14:31:11.778 # 1000
Level 22 @ 2023-12-10 14:31:11.816 # 1000
Level 21 @ 2023-12-10 14:31:11.857 # 1000
Level 22 @ 2023-12-10 14:31:11.893 # 1000
Level 21 @ 2023-12-10 14:31:11.935 # 1000
Level 22 @ 2023-12-10 14:31:11.971 # 1000
Level 21 @ 2023-12-10 14:31:12.000 # 1000
Level 21 @ 2023-12-10 14:31:12.037 # 1000
Level 22 @ 2023-12-10 14:31:12.038 # 1000
Level 22 @ 2023-12-10 14:31:12.073 # 1000
Level 21 @ 2023-12-10 14:31:12.078 # 1000
Level 21 @ 2023-12-10 14:31:12.109 # 1000
Level 22 @ 2023-12-10 14:31:12.110 # 1000
Level 22 @ 2023-12-10 14:31:12.153 # 1000
Level 21 @ 2023-12-10 14:31:12.161 # 1000
Level 22 @ 2023-12-10 14:31:12.196 # 1000
Level 21 @ 2023-12-10 14:31:12.235 # 1000
Level 21 @ 2023-12-10 14:31:12.276 # 1000
Level 22 @ 2023-12-10 14:31:12.277 # 1000
Level 21 @ 2023-12-10 14:31:12.313 # 1000
Level 22 @ 2023-12-10 14:31:12.315 # 1000
Level 22 @ 2023-12-10 14:31:12.351 # 1000
Level 21 @ 2023-12-10 14:31:12.360 # 1000
Level 21 @ 2023-12-10 14:31:12.391 # 1000
Level 22 @ 2023-12-10 14:31:12.392 # 1000
Level 22 @ 2023-12-10 14:31:12.428 # 1000
Level 21 @ 2023-12-10 14:31:12.434 # 1000
Level 21 @ 2023-12-10 14:31:12.459 # 1000
Level 22 @ 2023-12-10 14:31:12.461 # 1000
Level 22 @ 2023-12-10 14:31:12.489 # 1000
Level 21 @ 2023-12-10 14:31:12.494 # 1000
Level 21 @ 2023-12-10 14:31:12.533 # 1000
Level 22 @ 2023-12-10 14:31:12.534 # 1000
Level 21 @ 2023-12-10 14:31:12.563 # 1000
Level 22 @ 2023-12-10 14:31:12.565 # 1000
Level 21 @ 2023-12-10 14:31:12.590 # 1000
Level 22 @ 2023-12-10 14:31:12.591 # 1000
Level 21 @ 2023-12-10 14:31:12.632 # 1000
Level 22 @ 2023-12-10 14:31:12.633 # 1000
Level 21 @ 2023-12-10 14:31:12.670 # 1000
Level 22 @ 2023-12-10 14:31:12.671 # 1000
Level 21 @ 2023-12-10 14:31:12.698 # 1000
Level 22 @ 2023-12-10 14:31:12.699 # 1000
Level 21 @ 2023-12-10 14:31:12.728 # 1000
Level 22 @ 2023-12-10 14:31:12.729 # 1000
Level 21 @ 2023-12-10 14:31:12.773 # 1000
Level 22 @ 2023-12-10 14:31:12.774 # 1000
Level 22 @ 2023-12-10 14:31:12.816 # 1000
Level 21 @ 2023-12-10 14:31:12.822 # 1000
Level 22 @ 2023-12-10 14:31:12.861 # 1000
Level 21 @ 2023-12-10 14:31:12.869 # 1000
Level 21 @ 2023-12-10 14:31:12.914 # 1000
Level 22 @ 2023-12-10 14:31:12.915 # 1000
Level 22 @ 2023-12-10 14:31:12.950 # 1000
Level 21 @ 2023-12-10 14:31:12.956 # 1000
Level 22 @ 2023-12-10 14:31:12.996 # 1000
Level 21 @ 2023-12-10 14:31:13.008 # 1000
Level 22 @ 2023-12-10 14:31:13.045 # 1000
Level 21 @ 2023-12-10 14:31:13.055 # 1000
Level 22 @ 2023-12-10 14:31:13.085 # 1000
Level 21 @ 2023-12-10 14:31:13.094 # 1000
Level 22 @ 2023-12-10 14:31:13.122 # 1000
Level 21 @ 2023-12-10 14:31:13.125 # 1000
Level 22 @ 2023-12-10 14:31:13.154 # 1000
Level 21 @ 2023-12-10 14:31:13.173 # 1000
Level 21 @ 2023-12-10 14:31:13.205 # 1000
Level 22 @ 2023-12-10 14:31:13.205 # 1000
Level 21 @ 2023-12-10 14:31:13.236 # 1000
Level 22 @ 2023-12-10 14:31:13.237 # 1000
Level 22 @ 2023-12-10 14:31:13.261 # 1000
Level 21 @ 2023-12-10 14:31:13.271 # 1000
Level 22 @ 2023-12-10 14:31:13.308 # 1000
Level 21 @ 2023-12-10 14:31:13.315 # 1000
Level 21 @ 2023-12-10 14:31:13.347 # 1000
Level 22 @ 2023-12-10 14:31:13.350 # 1000
Level 21 @ 2023-12-10 14:31:13.386 # 1000
Level 22 @ 2023-12-10 14:31:13.387 # 1000
Level 21 @ 2023-12-10 14:31:13.411 # 1000
Level 22 @ 2023-12-10 14:31:13.412 # 1000
Level 22 @ 2023-12-10 14:31:13.445 # 1000
Level 21 @ 2023-12-10 14:31:13.451 # 1000
Level 22 @ 2023-12-10 14:31:13.486 # 1000
Level 21 @ 2023-12-10 14:31:13.497 # 1000
Level 22 @ 2023-12-10 14:31:13.533 # 1000
Level 21 @ 2023-12-10 14:31:13.543 # 1000
Level 21 @ 2023-12-10 14:31:13.574 # 1000
Level 22 @ 2023-12-10 14:31:13.574 # 1000
Level 22 @ 2023-12-10 14:31:13.610 # 1000
Level 21 @ 2023-12-10 14:31:13.627 # 1000
Level 21 @ 2023-12-10 14:31:13.667 # 1000
Level 22 @ 2023-12-10 14:31:13.668 # 1000
Level 21 @ 2023-12-10 14:31:13.695 # 218
Level 22 @ 2023-12-10 14:31:13.703 # 1000
Level 22 @ 2023-12-10 14:31:13.709 # 218